<?xml version="1.0" encoding="UTF-8"?>
<testng-results ignored="0" total="1" passed="1" failed="0" skipped="0">
  <reporter-output>
  </reporter-output>
  <suite started-at="2024-06-21T09:35:41 IST" name="Default suite" finished-at="2024-06-21T09:36:05 IST" duration-ms="23900">
    <groups>
    </groups>
    <test started-at="2024-06-21T09:35:41 IST" name="Default test" finished-at="2024-06-21T09:36:05 IST" duration-ms="23900">
      <class name="com.automation.registerDemo.RegisterPageDemo">
        <test-method is-config="true" signature="beforeMethod()[pri:0, instance:com.automation.registerDemo.RegisterPageDemo@69e153c5]" started-at="2024-06-21T09:35:41 IST" name="beforeMethod" finished-at="2024-06-21T09:35:50 IST" duration-ms="8683" status="PASS">
          <reporter-output>
          </reporter-output>
        </test-method> <!-- beforeMethod -->
        <test-method signature="RegisterPage()[pri:0, instance:com.automation.registerDemo.RegisterPageDemo@69e153c5]" started-at="2024-06-21T09:35:50 IST" name="RegisterPage" finished-at="2024-06-21T09:36:05 IST" duration-ms="15123" status="PASS">
          <reporter-output>
          </reporter-output>
        </test-method> <!-- RegisterPage -->
        <test-method is-config="true" signature="afterMethod()[pri:0, instance:com.automation.registerDemo.RegisterPageDemo@69e153c5]" started-at="2024-06-21T09:36:05 IST" name="afterMethod" finished-at="2024-06-21T09:36:05 IST" duration-ms="2" status="PASS">
          <reporter-output>
          </reporter-output>
        </test-method> <!-- afterMethod -->
      </class> <!-- com.automation.registerDemo.RegisterPageDemo -->
    </test> <!-- Default test -->
  </suite> <!-- Default suite -->
</testng-results>
